# JRE version: OpenJDK Runtime Environment Temurin-21.0.10+7 (21.0.10+7) (build 21.0.10+7-LTS)
# Java VM: OpenJDK 64-Bit Server VM Temurin-21.0.10+7 (21.0.10+7-LTS, mixed mode, sharing, tiered, compressed oops, compressed class ptrs, parallel gc, windows-amd64)
GC Precious Log:
 CardTable entry size: 512
 CPUs: 16 total, 16 available
 Memory: 15681M
 Large Page Support: Disabled
 NUMA Support: Disabled
 Compressed Oops: Enabled (32-bit)
 Alignments: Space 512K, Generation 512K, Heap 2M
 Heap Min Capacity: 100M
 Heap Initial Capacity: 100M
 Heap Max Capacity: 2G
 Pre-touch: Disabled
 Parallel Workers: 13
Heap:
 PSYoungGen      total 6656K, used 1130K [0x00000000d5580000, 0x00000000d5d00000, 0x0000000100000000)
  eden space 5632K, 5% used [0x00000000d5580000,0x00000000d55c69f8,0x00000000d5b00000)
  from space 1024K, 82% used [0x00000000d5b00000,0x00000000d5bd4010,0x00000000d5c00000)
  to   space 1024K, 0% used [0x00000000d5c00000,0x00000000d5c00000,0x00000000d5d00000)
 ParOldGen       total 675328K, used 675230K [0x0000000080000000, 0x00000000a9380000, 0x00000000d5580000)
  object space 675328K, 99% used [0x0000000080000000,0x00000000a9367a90,0x00000000a9380000)
 Metaspace       used 88968K, committed 90752K, reserved 1179648K
  class space    used 9219K, committed 9984K, reserved 1048576K
GC Heap History (20 events):
Event: 576.749 GC heap before
{Heap before GC invocations=1516 (full 4):
 PSYoungGen      total 6656K, used 6361K [0x00000000d5580000, 0x00000000d5f80000, 0x0000000100000000)
  eden space 4096K, 94% used [0x00000000d5580000,0x00000000d5944cf0,0x00000000d5980000)
  from space 2560K, 97% used [0x00000000d5980000,0x00000000d5bf1aa0,0x00000000d5c00000)
  to   space 3072K, 0% used [0x00000000d5c80000,0x00000000d5c80000,0x00000000d5f80000)
 ParOldGen       total 671744K, used 671689K [0x0000000080000000, 0x00000000a9000000, 0x00000000d5580000)
  object space 671744K, 99% used [0x0000000080000000,0x00000000a8ff26a8,0x00000000a9000000)
 Metaspace       used 87862K, committed 89600K, reserved 1179648K
  class space    used 9104K, committed 9856K, reserved 1048576K
}
Event: 576.750 GC heap after
{Heap after GC invocations=1516 (full 4):
 PSYoungGen      total 7168K, used 2909K [0x00000000d5580000, 0x00000000d6080000, 0x0000000100000000)
  eden space 4096K, 0% used [0x00000000d5580000,0x00000000d5580000,0x00000000d5980000)
  from space 3072K, 94% used [0x00000000d5c80000,0x00000000d5f576b0,0x00000000d5f80000)
  to   space 3072K, 0% used [0x00000000d5980000,0x00000000d5980000,0x00000000d5c80000)
 ParOldGen       total 672256K, used 671912K [0x0000000080000000, 0x00000000a9080000, 0x00000000d5580000)
  object space 672256K, 99% used [0x0000000080000000,0x00000000a902a100,0x00000000a9080000)
 Metaspace       used 87862K, committed 89600K, reserved 1179648K
  class space    used 9104K, committed 9856K, reserved 1048576K
}
Event: 576.754 GC heap before
{Heap before GC invocations=1517 (full 4):
 PSYoungGen      total 7168K, used 6765K [0x00000000d5580000, 0x00000000d6080000, 0x0000000100000000)
  eden space 4096K, 94% used [0x00000000d5580000,0x00000000d5943df8,0x00000000d5980000)
  from space 3072K, 94% used [0x00000000d5c80000,0x00000000d5f576b0,0x00000000d5f80000)
  to   space 3072K, 0% used [0x00000000d5980000,0x00000000d5980000,0x00000000d5c80000)
 ParOldGen       total 672256K, used 671912K [0x0000000080000000, 0x00000000a9080000, 0x00000000d5580000)
  object space 672256K, 99% used [0x0000000080000000,0x00000000a902a100,0x00000000a9080000)
 Metaspace       used 87938K, committed 89728K, reserved 1179648K
  class space    used 9110K, committed 9920K, reserved 1048576K
}
Event: 576.756 GC heap after
{Heap after GC invocations=1517 (full 4):
 PSYoungGen      total 7168K, used 3044K [0x00000000d5580000, 0x00000000d6180000, 0x0000000100000000)
  eden space 4096K, 0% used [0x00000000d5580000,0x00000000d5580000,0x00000000d5980000)
  from space 3072K, 99% used [0x00000000d5980000,0x00000000d5c79108,0x00000000d5c80000)
  to   space 3584K, 0% used [0x00000000d5e00000,0x00000000d5e00000,0x00000000d6180000)
 ParOldGen       total 672256K, used 671984K [0x0000000080000000, 0x00000000a9080000, 0x00000000d5580000)
  object space 672256K, 99% used [0x0000000080000000,0x00000000a903c100,0x00000000a9080000)
 Metaspace       used 87938K, committed 89728K, reserved 1179648K
  class space    used 9110K, committed 9920K, reserved 1048576K
}
Event: 576.760 GC heap before
{Heap before GC invocations=1518 (full 4):
 PSYoungGen      total 7168K, used 6705K [0x00000000d5580000, 0x00000000d6180000, 0x0000000100000000)
  eden space 4096K, 89% used [0x00000000d5580000,0x00000000d5913368,0x00000000d5980000)
  from space 3072K, 99% used [0x00000000d5980000,0x00000000d5c79108,0x00000000d5c80000)
  to   space 3584K, 0% used [0x00000000d5e00000,0x00000000d5e00000,0x00000000d6180000)
 ParOldGen       total 672256K, used 671984K [0x0000000080000000, 0x00000000a9080000, 0x00000000d5580000)
  object space 672256K, 99% used [0x0000000080000000,0x00000000a903c100,0x00000000a9080000)
 Metaspace       used 87953K, committed 89728K, reserved 1179648K
  class space    used 9115K, committed 9920K, reserved 1048576K
}
Event: 576.762 GC heap after
{Heap after GC invocations=1518 (full 4):
 PSYoungGen      total 8704K, used 3108K [0x00000000d5580000, 0x00000000d6180000, 0x0000000100000000)
  eden space 5120K, 0% used [0x00000000d5580000,0x00000000d5580000,0x00000000d5a80000)
  from space 3584K, 86% used [0x00000000d5e00000,0x00000000d6109108,0x00000000d6180000)
  to   space 3584K, 0% used [0x00000000d5a80000,0x00000000d5a80000,0x00000000d5e00000)
 ParOldGen       total 672256K, used 672072K [0x0000000080000000, 0x00000000a9080000, 0x00000000d5580000)
  object space 672256K, 99% used [0x0000000080000000,0x00000000a9052100,0x00000000a9080000)
 Metaspace       used 87953K, committed 89728K, reserved 1179648K
  class space    used 9115K, committed 9920K, reserved 1048576K
}
Event: 576.768 GC heap before
{Heap before GC invocations=1519 (full 4):
 PSYoungGen      total 8704K, used 7736K [0x00000000d5580000, 0x00000000d6180000, 0x0000000100000000)
  eden space 5120K, 90% used [0x00000000d5580000,0x00000000d5a051f8,0x00000000d5a80000)
  from space 3584K, 86% used [0x00000000d5e00000,0x00000000d6109108,0x00000000d6180000)
  to   space 3584K, 0% used [0x00000000d5a80000,0x00000000d5a80000,0x00000000d5e00000)
 ParOldGen       total 672256K, used 672072K [0x0000000080000000, 0x00000000a9080000, 0x00000000d5580000)
  object space 672256K, 99% used [0x0000000080000000,0x00000000a9052100,0x00000000a9080000)
 Metaspace       used 87970K, committed 89792K, reserved 1179648K
  class space    used 9115K, committed 9920K, reserved 1048576K
}
Event: 576.770 GC heap after
{Heap after GC invocations=1519 (full 4):
 PSYoungGen      total 5632K, used 480K [0x00000000d5580000, 0x00000000d5e80000, 0x0000000100000000)
  eden space 5120K, 0% used [0x00000000d5580000,0x00000000d5580000,0x00000000d5a80000)
  from space 512K, 93% used [0x00000000d5a80000,0x00000000d5af8000,0x00000000d5b00000)
  to   space 1536K, 0% used [0x00000000d5d00000,0x00000000d5d00000,0x00000000d5e80000)
 ParOldGen       total 672256K, used 672184K [0x0000000080000000, 0x00000000a9080000, 0x00000000d5580000)
  object space 672256K, 99% used [0x0000000080000000,0x00000000a906e100,0x00000000a9080000)
 Metaspace       used 87970K, committed 89792K, reserved 1179648K
  class space    used 9115K, committed 9920K, reserved 1048576K
}
Event: 576.779 GC heap before
{Heap before GC invocations=1520 (full 4):
 PSYoungGen      total 5632K, used 5600K [0x00000000d5580000, 0x00000000d5e80000, 0x0000000100000000)
  eden space 5120K, 100% used [0x00000000d5580000,0x00000000d5a80000,0x00000000d5a80000)
  from space 512K, 93% used [0x00000000d5a80000,0x00000000d5af8000,0x00000000d5b00000)
  to   space 1536K, 0% used [0x00000000d5d00000,0x00000000d5d00000,0x00000000d5e80000)
 ParOldGen       total 672256K, used 672184K [0x0000000080000000, 0x00000000a9080000, 0x00000000d5580000)
  object space 672256K, 99% used [0x0000000080000000,0x00000000a906e100,0x00000000a9080000)
 Metaspace       used 87988K, committed 89792K, reserved 1179648K
  class space    used 9115K, committed 9920K, reserved 1048576K
}
Event: 576.780 GC heap after
{Heap after GC invocations=1520 (full 4):
 PSYoungGen      total 7168K, used 864K [0x00000000d5580000, 0x00000000d5e00000, 0x0000000100000000)
  eden space 6144K, 0% used [0x00000000d5580000,0x00000000d5580000,0x00000000d5b80000)
  from space 1024K, 84% used [0x00000000d5d00000,0x00000000d5dd8000,0x00000000d5e00000)
  to   space 1024K, 0% used [0x00000000d5c00000,0x00000000d5c00000,0x00000000d5d00000)
 ParOldGen       total 672768K, used 672432K [0x0000000080000000, 0x00000000a9100000, 0x00000000d5580000)
  object space 672768K, 99% used [0x0000000080000000,0x00000000a90ac100,0x00000000a9100000)
 Metaspace       used 87988K, committed 89792K, reserved 1179648K
  class space    used 9115K, committed 9920K, reserved 1048576K
}
Event: 576.817 GC heap before
{Heap before GC invocations=1521 (full 4):
 PSYoungGen      total 7168K, used 7008K [0x00000000d5580000, 0x00000000d5e00000, 0x0000000100000000)
  eden space 6144K, 100% used [0x00000000d5580000,0x00000000d5b80000,0x00000000d5b80000)
  from space 1024K, 84% used [0x00000000d5d00000,0x00000000d5dd8000,0x00000000d5e00000)
  to   space 1024K, 0% used [0x00000000d5c00000,0x00000000d5c00000,0x00000000d5d00000)
 ParOldGen       total 672768K, used 672432K [0x0000000080000000, 0x00000000a9100000, 0x00000000d5580000)
  object space 672768K, 99% used [0x0000000080000000,0x00000000a90ac100,0x00000000a9100000)
 Metaspace       used 88047K, committed 89856K, reserved 1179648K
  class space    used 9116K, committed 9920K, reserved 1048576K
}
Event: 576.819 GC heap after
{Heap after GC invocations=1521 (full 4):
 PSYoungGen      total 7168K, used 800K [0x00000000d5580000, 0x00000000d5d80000, 0x0000000100000000)
  eden space 6144K, 0% used [0x00000000d5580000,0x00000000d5580000,0x00000000d5b80000)
  from space 1024K, 78% used [0x00000000d5c00000,0x00000000d5cc8000,0x00000000d5d00000)
  to   space 512K, 0% used [0x00000000d5d00000,0x00000000d5d00000,0x00000000d5d80000)
 ParOldGen       total 673280K, used 673112K [0x0000000080000000, 0x00000000a9180000, 0x00000000d5580000)
  object space 673280K, 99% used [0x0000000080000000,0x00000000a9156100,0x00000000a9180000)
 Metaspace       used 88047K, committed 89856K, reserved 1179648K
  class space    used 9116K, committed 9920K, reserved 1048576K
}
Event: 576.836 GC heap before
{Heap before GC invocations=1522 (full 4):
 PSYoungGen      total 7168K, used 6944K [0x00000000d5580000, 0x00000000d5d80000, 0x0000000100000000)
  eden space 6144K, 100% used [0x00000000d5580000,0x00000000d5b80000,0x00000000d5b80000)
  from space 1024K, 78% used [0x00000000d5c00000,0x00000000d5cc8000,0x00000000d5d00000)
  to   space 512K, 0% used [0x00000000d5d00000,0x00000000d5d00000,0x00000000d5d80000)
 ParOldGen       total 673280K, used 673112K [0x0000000080000000, 0x00000000a9180000, 0x00000000d5580000)
  object space 673280K, 99% used [0x0000000080000000,0x00000000a9156100,0x00000000a9180000)
 Metaspace       used 88059K, committed 89856K, reserved 1179648K
  class space    used 9119K, committed 9920K, reserved 1048576K
}
Event: 576.837 GC heap after
{Heap after GC invocations=1522 (full 4):
 PSYoungGen      total 6656K, used 448K [0x00000000d5580000, 0x00000000d5d80000, 0x0000000100000000)
  eden space 6144K, 0% used [0x00000000d5580000,0x00000000d5580000,0x00000000d5b80000)
  from space 512K, 87% used [0x00000000d5d00000,0x00000000d5d70000,0x00000000d5d80000)
  to   space 1024K, 0% used [0x00000000d5b80000,0x00000000d5b80000,0x00000000d5c80000)
 ParOldGen       total 673792K, used 673621K [0x0000000080000000, 0x00000000a9200000, 0x00000000d5580000)
  object space 673792K, 99% used [0x0000000080000000,0x00000000a91d5498,0x00000000a9200000)
 Metaspace       used 88059K, committed 89856K, reserved 1179648K
  class space    used 9119K, committed 9920K, reserved 1048576K
}
Event: 576.851 GC heap before
{Heap before GC invocations=1523 (full 4):
 PSYoungGen      total 6656K, used 6592K [0x00000000d5580000, 0x00000000d5d80000, 0x0000000100000000)
  eden space 6144K, 100% used [0x00000000d5580000,0x00000000d5b80000,0x00000000d5b80000)
  from space 512K, 87% used [0x00000000d5d00000,0x00000000d5d70000,0x00000000d5d80000)
  to   space 1024K, 0% used [0x00000000d5b80000,0x00000000d5b80000,0x00000000d5c80000)
 ParOldGen       total 673792K, used 673621K [0x0000000080000000, 0x00000000a9200000, 0x00000000d5580000)
  object space 673792K, 99% used [0x0000000080000000,0x00000000a91d5498,0x00000000a9200000)
 Metaspace       used 88171K, committed 89920K, reserved 1179648K
  class space    used 9135K, committed 9920K, reserved 1048576K
}
Event: 576.853 GC heap after
{Heap after GC invocations=1523 (full 4):
 PSYoungGen      total 7168K, used 512K [0x00000000d5580000, 0x00000000d5d80000, 0x0000000100000000)
  eden space 6144K, 0% used [0x00000000d5580000,0x00000000d5580000,0x00000000d5b80000)
  from space 1024K, 50% used [0x00000000d5b80000,0x00000000d5c00000,0x00000000d5c80000)
  to   space 1024K, 0% used [0x00000000d5c80000,0x00000000d5c80000,0x00000000d5d80000)
 ParOldGen       total 673792K, used 673709K [0x0000000080000000, 0x00000000a9200000, 0x00000000d5580000)
  object space 673792K, 99% used [0x0000000080000000,0x00000000a91eb498,0x00000000a9200000)
 Metaspace       used 88171K, committed 89920K, reserved 1179648K
  class space    used 9135K, committed 9920K, reserved 1048576K
}
Event: 576.868 GC heap before
{Heap before GC invocations=1524 (full 4):
 PSYoungGen      total 7168K, used 6656K [0x00000000d5580000, 0x00000000d5d80000, 0x0000000100000000)
  eden space 6144K, 100% used [0x00000000d5580000,0x00000000d5b80000,0x00000000d5b80000)
  from space 1024K, 50% used [0x00000000d5b80000,0x00000000d5c00000,0x00000000d5c80000)
  to   space 1024K, 0% used [0x00000000d5c80000,0x00000000d5c80000,0x00000000d5d80000)
 ParOldGen       total 673792K, used 673709K [0x0000000080000000, 0x00000000a9200000, 0x00000000d5580000)
  object space 673792K, 99% used [0x0000000080000000,0x00000000a91eb498,0x00000000a9200000)
 Metaspace       used 88331K, committed 90112K, reserved 1179648K
  class space    used 9155K, committed 9920K, reserved 1048576K
}
Event: 576.870 GC heap after
{Heap after GC invocations=1524 (full 4):
 PSYoungGen      total 6656K, used 1014K [0x00000000d5580000, 0x00000000d5e80000, 0x0000000100000000)
  eden space 5632K, 0% used [0x00000000d5580000,0x00000000d5580000,0x00000000d5b00000)
  from space 1024K, 99% used [0x00000000d5c80000,0x00000000d5d7d9e0,0x00000000d5d80000)
  to   space 1536K, 0% used [0x00000000d5b00000,0x00000000d5b00000,0x00000000d5c80000)
 ParOldGen       total 674304K, used 673837K [0x0000000080000000, 0x00000000a9280000, 0x00000000d5580000)
  object space 674304K, 99% used [0x0000000080000000,0x00000000a920b498,0x00000000a9280000)
 Metaspace       used 88331K, committed 90112K, reserved 1179648K
  class space    used 9155K, committed 9920K, reserved 1048576K
}
Event: 576.947 GC heap before
{Heap before GC invocations=1525 (full 4):
 PSYoungGen      total 6656K, used 6608K [0x00000000d5580000, 0x00000000d5e80000, 0x0000000100000000)
  eden space 5632K, 99% used [0x00000000d5580000,0x00000000d5af6a08,0x00000000d5b00000)
  from space 1024K, 99% used [0x00000000d5c80000,0x00000000d5d7d9e0,0x00000000d5d80000)
  to   space 1536K, 0% used [0x00000000d5b00000,0x00000000d5b00000,0x00000000d5c80000)
 ParOldGen       total 674304K, used 673837K [0x0000000080000000, 0x00000000a9280000, 0x00000000d5580000)
  object space 674304K, 99% used [0x0000000080000000,0x00000000a920b498,0x00000000a9280000)
 Metaspace       used 88801K, committed 90560K, reserved 1179648K
  class space    used 9202K, committed 9984K, reserved 1048576K
}
Event: 576.950 GC heap after
{Heap after GC invocations=1525 (full 4):
 PSYoungGen      total 6656K, used 688K [0x00000000d5580000, 0x00000000d5d00000, 0x0000000100000000)
  eden space 5632K, 0% used [0x00000000d5580000,0x00000000d5580000,0x00000000d5b00000)
  from space 1024K, 67% used [0x00000000d5b00000,0x00000000d5bac020,0x00000000d5c00000)
  to   space 1024K, 0% used [0x00000000d5c00000,0x00000000d5c00000,0x00000000d5d00000)
 ParOldGen       total 674816K, used 674634K [0x0000000080000000, 0x00000000a9300000, 0x00000000d5580000)
  object space 674816K, 99% used [0x0000000080000000,0x00000000a92d2928,0x00000000a9300000)
 Metaspace       used 88801K, committed 90560K, reserved 1179648K
  class space    used 9202K, committed 9984K, reserved 1048576K
}

